{
  "stats": {
    "suites": 1,
    "tests": 1,
    "passes": 1,
    "pending": 0,
    "failures": 0,
    "start": "2023-07-26T11:12:35.092Z",
    "end": "2023-07-26T11:12:43.551Z",
    "duration": 8459,
    "testsRegistered": 1,
    "passPercent": 100,
    "pendingPercent": 0,
    "other": 0,
    "hasOther": false,
    "skipped": 0,
    "hasSkipped": false
  },
  "results": [
    {
      "uuid": "263a0ea5-d54b-4179-b180-8380aca6b534",
      "title": "",
      "fullFile": "cypress\\e2e\\spec-dosyalari\\denemeTestSpec.js",
      "file": "cypress\\e2e\\spec-dosyalari\\denemeTestSpec.js",
      "beforeHooks": [],
      "afterHooks": [],
      "tests": [],
      "suites": [
        {
          "uuid": "f8e2fff4-23c4-4bad-a0f6-e9e7bbabdfb5",
          "title": " Spec Files",
          "fullFile": "",
          "file": "",
          "beforeHooks": [],
          "afterHooks": [],
          "tests": [
            {
              "title": "spec file test",
              "fullTitle": " Spec Files spec file test",
              "timedOut": null,
              "duration": 4118,
              "state": "passed",
              "speed": "fast",
              "pass": true,
              "fail": false,
              "pending": false,
              "context": "{\n  \"title\": \"cypress-mochawesome-reporter-videos-passed\",\n  \"value\": \"cypress\\\\e2e\\\\spec-dosyalari\\\\denemeTestSpec.js\"\n}",
              "code": "cy.visit('www.google.com');",
              "err": {},
              "uuid": "0c4f941b-473a-41b7-b830-866683949824",
              "parentUUID": "f8e2fff4-23c4-4bad-a0f6-e9e7bbabdfb5",
              "isHook": false,
              "skipped": false
            }
          ],
          "suites": [],
          "passes": [
            "0c4f941b-473a-41b7-b830-866683949824"
          ],
          "failures": [],
          "pending": [],
          "skipped": [],
          "duration": 4118,
          "root": false,
          "rootEmpty": false,
          "_timeout": 2000
        }
      ],
      "passes": [],
      "failures": [],
      "pending": [],
      "skipped": [],
      "duration": 0,
      "root": true,
      "rootEmpty": true,
      "_timeout": 2000
    }
  ],
  "meta": {
    "mocha": {
      "version": "7.0.1"
    },
    "mochawesome": {
      "options": {
        "quiet": false,
        "reportFilename": "mochawesome",
        "saveHtml": false,
        "saveJson": true,
        "consoleReporter": "spec",
        "useInlineDiffs": false,
        "code": true
      },
      "version": "7.1.3"
    },
    "marge": {
      "options": {
        "overwrite": false,
        "html": false,
        "json": true,
        "reportDir": "cypress\\reports\\html\\.jsons"
      },
      "version": "6.2.0"
    }
  }
}